Using pre-set license
Built from '2022.3/staging' branch; Version is '2022.3.3f1 (7cdc2969a641) revision 8182825'; Using compiler version '192829333'; Build Type 'Release'
OS: 'Windows 10  (10.0.19045) 64bit Core' Language: 'en' Physical Memory: 16315 MB
BatchMode: 1, IsHumanControllingUs: 0, StartBugReporterOnCrash: 0, Is64bit: 1, IsPro: 1

COMMAND LINE ARGUMENTS:
C:\Program Files\Unity\Hub\Editor\2022.3.3f1\Editor\Unity.exe
-adb2
-batchMode
-noUpm
-name
AssetImportWorker1
-projectPath
C:/Users/Nitik/OneDrive/เดสก์ท็อป/11Hour/11Hour
-logFile
Logs/AssetImportWorker1.log
-srvPort
58869
Successfully changed project path to: C:/Users/Nitik/OneDrive/เดสก์ท็อป/11Hour/11Hour
C:/Users/Nitik/OneDrive/เดสก์ท็อป/11Hour/11Hour
[UnityMemory] Configuration Parameters - Can be set up in boot.config
    "memorysetup-bucket-allocator-granularity=16"
    "memorysetup-bucket-allocator-bucket-count=8"
    "memorysetup-bucket-allocator-block-size=33554432"
    "memorysetup-bucket-allocator-block-count=8"
    "memorysetup-main-allocator-block-size=16777216"
    "memorysetup-thread-allocator-block-size=16777216"
    "memorysetup-gfx-main-allocator-block-size=16777216"
    "memorysetup-gfx-thread-allocator-block-size=16777216"
    "memorysetup-cache-allocator-block-size=4194304"
    "memorysetup-typetree-allocator-block-size=2097152"
    "memorysetup-profiler-bucket-allocator-granularity=16"
    "memorysetup-profiler-bucket-allocator-bucket-count=8"
    "memorysetup-profiler-bucket-allocator-block-size=33554432"
    "memorysetup-profiler-bucket-allocator-block-count=8"
    "memorysetup-profiler-allocator-block-size=16777216"
    "memorysetup-profiler-editor-allocator-block-size=1048576"
    "memorysetup-temp-allocator-size-main=16777216"
    "memorysetup-job-temp-allocator-block-size=2097152"
    "memorysetup-job-temp-allocator-block-size-background=1048576"
    "memorysetup-job-temp-allocator-reduction-small-platforms=262144"
    "memorysetup-allocator-temp-initial-block-size-main=262144"
    "memorysetup-allocator-temp-initial-block-size-worker=262144"
    "memorysetup-temp-allocator-size-background-worker=32768"
    "memorysetup-temp-allocator-size-job-worker=262144"
    "memorysetup-temp-allocator-size-preload-manager=33554432"
    "memorysetup-temp-allocator-size-nav-mesh-worker=65536"
    "memorysetup-temp-allocator-size-audio-worker=65536"
    "memorysetup-temp-allocator-size-cloud-worker=32768"
    "memorysetup-temp-allocator-size-gi-baking-worker=262144"
    "memorysetup-temp-allocator-size-gfx=262144"
Player connection [11548] Host "[IP] 192.168.1.34 [Port] 0 [Flags] 2 [Guid] 1186975213 [EditorId] 1186975213 [Version] 1048832 [Id] WindowsEditor(7,DESKTOP-54A2ABP) [Debug] 1 [PackageName] WindowsEditor [ProjectName] Editor" joined multi-casting on [225.0.0.222:54997]...

Player connection [11548] Host "[IP] 192.168.1.34 [Port] 0 [Flags] 2 [Guid] 1186975213 [EditorId] 1186975213 [Version] 1048832 [Id] WindowsEditor(7,DESKTOP-54A2ABP) [Debug] 1 [PackageName] WindowsEditor [ProjectName] Editor" joined alternative multi-casting on [225.0.0.222:34997]...

Refreshing native plugins compatible for Editor in 15.24 ms, found 3 plugins.
Preloading 0 native plugins for Editor in 0.00 ms.
Initialize engine version: 2022.3.3f1 (7cdc2969a641)
[Subsystems] Discovering subsystems at path C:/Program Files/Unity/Hub/Editor/2022.3.3f1/Editor/Data/Resources/UnitySubsystems
[Subsystems] Discovering subsystems at path C:/Users/Nitik/OneDrive/เดสก์ท็อป/11Hour/11Hour/Assets
GfxDevice: creating device client; threaded=0; jobified=0
Direct3D:
    Version:  Direct3D 11.0 [level 11.1]
    Renderer: AMD Radeon RX 5600 XT (ID=0x731f)
    Vendor:   ATI
    VRAM:     6103 MB
    Driver:   31.0.14057.5006
Initialize mono
Mono path[0] = 'C:/Program Files/Unity/Hub/Editor/2022.3.3f1/Editor/Data/Managed'
Mono path[1] = 'C:/Program Files/Unity/Hub/Editor/2022.3.3f1/Editor/Data/MonoBleedingEdge/lib/mono/unityjit-win32'
Mono config path = 'C:/Program Files/Unity/Hub/Editor/2022.3.3f1/Editor/Data/MonoBleedingEdge/etc'
Using monoOptions --debugger-agent=transport=dt_socket,embedding=1,server=y,suspend=n,address=127.0.0.1:56968
Begin MonoManager ReloadAssembly
Registering precompiled unity dll's ...
Register platform support module: C:/Program Files/Unity/Hub/Editor/2022.3.3f1/Editor/Data/PlaybackEngines/AndroidPlayer/UnityEditor.Android.Extensions.dll
Register platform support module: C:/Program Files/Unity/Hub/Editor/2022.3.3f1/Editor/Data/PlaybackEngines/WindowsStandaloneSupport/UnityEditor.WindowsStandalone.Extensions.dll
Registered in 0.014082 seconds.
- Loaded All Assemblies, in  0.384 seconds
Native extension for WindowsStandalone target not found
Native extension for Android target not found
Mono: successfully reloaded assembly
- Finished resetting the current domain, in  0.302 seconds
Domain Reload Profiling: 684ms
	BeginReloadAssembly (94ms)
		ExecutionOrderSort (0ms)
		DisableScriptedObjects (0ms)
		BackupInstance (0ms)
		ReleaseScriptingObjects (0ms)
		CreateAndSetChildDomain (1ms)
	RebuildCommonClasses (39ms)
	RebuildNativeTypeToScriptingClass (12ms)
	initialDomainReloadingComplete (75ms)
	LoadAllAssembliesAndSetupDomain (161ms)
		LoadAssemblies (92ms)
		RebuildTransferFunctionScriptingTraits (0ms)
		AnalyzeDomain (153ms)
			TypeCache.Refresh (152ms)
				TypeCache.ScanAssembly (139ms)
			ScanForSourceGeneratedMonoScriptInfo (1ms)
			ResolveRequiredComponents (0ms)
	FinalizeReload (303ms)
		ReleaseScriptCaches (0ms)
		RebuildScriptCaches (0ms)
		SetupLoadedEditorAssemblies (243ms)
			LogAssemblyErrors (0ms)
			InitializePlatformSupportModulesInManaged (81ms)
			SetLoadedEditorAssemblies (3ms)
			RefreshPlugins (0ms)
			BeforeProcessingInitializeOnLoad (2ms)
			ProcessInitializeOnLoadAttributes (112ms)
			ProcessInitializeOnLoadMethodAttributes (45ms)
			AfterProcessingInitializeOnLoad (0ms)
			EditorAssembliesLoaded (0ms)
		ExecutionOrderSort2 (0ms)
		AwakeInstancesAfterBackupRestoration (0ms)
========================================================================
Worker process is ready to serve import requests
Begin MonoManager ReloadAssembly
Symbol file LoadedFromMemory doesn't match image C:\Users\Nitik\OneDrive\เดสก์ท็อป\11Hour\11Hour\Library\PackageCache\com.unity.visualscripting@1.8.0\Editor\VisualScripting.Core\Dependencies\YamlDotNet\Unity.VisualScripting.YamlDotNet.dll
Symbol file LoadedFromMemory doesn't match image C:\Users\Nitik\OneDrive\เดสก์ท็อป\11Hour\11Hour\Library\PackageCache\com.unity.visualscripting@1.8.0\Editor\VisualScripting.Core\Dependencies\DotNetZip\Unity.VisualScripting.IonicZip.dll
- Loaded All Assemblies, in  1.002 seconds
Refreshing native plugins compatible for Editor in 5.65 ms, found 3 plugins.
Native extension for WindowsStandalone target not found
Native extension for Android target not found
Mono: successfully reloaded assembly
- Finished resetting the current domain, in  0.903 seconds
Domain Reload Profiling: 1899ms
	BeginReloadAssembly (144ms)
		ExecutionOrderSort (0ms)
		DisableScriptedObjects (5ms)
		BackupInstance (0ms)
		ReleaseScriptingObjects (0ms)
		CreateAndSetChildDomain (24ms)
	RebuildCommonClasses (39ms)
	RebuildNativeTypeToScriptingClass (12ms)
	initialDomainReloadingComplete (51ms)
	LoadAllAssembliesAndSetupDomain (749ms)
		LoadAssemblies (355ms)
		RebuildTransferFunctionScriptingTraits (0ms)
		AnalyzeDomain (461ms)
			TypeCache.Refresh (422ms)
				TypeCache.ScanAssembly (402ms)
			ScanForSourceGeneratedMonoScriptInfo (29ms)
			ResolveRequiredComponents (10ms)
	FinalizeReload (903ms)
		ReleaseScriptCaches (0ms)
		RebuildScriptCaches (0ms)
		SetupLoadedEditorAssemblies (705ms)
			LogAssemblyErrors (0ms)
			InitializePlatformSupportModulesInManaged (27ms)
			SetLoadedEditorAssemblies (3ms)
			RefreshPlugins (0ms)
			BeforeProcessingInitializeOnLoad (96ms)
			ProcessInitializeOnLoadAttributes (338ms)
			ProcessInitializeOnLoadMethodAttributes (230ms)
			AfterProcessingInitializeOnLoad (11ms)
			EditorAssembliesLoaded (0ms)
		ExecutionOrderSort2 (0ms)
		AwakeInstancesAfterBackupRestoration (6ms)
Launched and connected shader compiler UnityShaderCompiler.exe after 0.04 seconds
Refreshing native plugins compatible for Editor in 5.88 ms, found 3 plugins.
Preloading 0 native plugins for Editor in 0.00 ms.
Unloading 6706 Unused Serialized files (Serialized files now loaded: 0)
Unloading 115 unused Assets / (4.9 MB). Loaded Objects now: 7172.
Memory consumption went from 327.8 MB to 322.9 MB.
Total: 6.876500 ms (FindLiveObjects: 1.203500 ms CreateObjectMapping: 0.357400 ms MarkObjects: 3.901600 ms  DeleteObjects: 1.412200 ms)

AssetImportParameters requested are different than current active one (requested -> active):
  custom:container-demuxer-ogg: 62fdf1f143b41e24485cea50d1cbac27 -> 
  custom:framework-win-MediaFoundation: 216162199b28c13a410421893ffa2e32 -> 
  custom:container-muxer-webm: aa71ff27fc2769a1b78a27578f13a17b -> 
  custom:video-decoder-webm-vp8: 9c59270c3fd7afecdb556c50c9e8de78 -> 
  custom:AudioImporter_EditorPlatform: d09bf68614088b80899f8185d706f6e7 -> 
  custom:audio-decoder-ogg-vorbis: bf7c407c2cedff20999df2af8eb42d56 -> 
  custom:audio-encoder-webm-vorbis: bf7c407c2cedff20999df2af8eb42d56 -> 
  custom:video-decoder-ogg-theora: a1e56fd34408186e4bbccfd4996cb3dc -> 
  custom:container-demuxer-webm: 4f35f7cbe854078d1ac9338744f61a02 -> 
  custom:video-encoder-webm-vp8: eb34c28f22e8b96e1ab97ce403110664 -> 
========================================================================
Received Import Request.
  Time since last request: 358103.715152 seconds.
  path: Assets/image (3).png
  artifactKey: Guid(cec45fb6b796c194d8f2a4a54a7d4743) Importer(815301076,1909f56bfc062723c751e8b465ee728b)
Start importing Assets/image (3).png using Guid(cec45fb6b796c194d8f2a4a54a7d4743) Importer(815301076,1909f56bfc062723c751e8b465ee728b)  -> (artifact id: '0a1001d238b08a161a73bf1ed8de755a') in 0.018289 seconds
Number of updated asset objects reloaded before import = 0
Number of asset objects unloaded after import = 1
========================================================================
Received Import Request.
  Time since last request: 323.871661 seconds.
  path: Assets/FurnishedCabin/Textures/Bathroom_Oven_MAT_AmbientOcclusion.png
  artifactKey: Guid(15b433f97379cec47842d404579a611e) Importer(815301076,1909f56bfc062723c751e8b465ee728b)
Start importing Assets/FurnishedCabin/Textures/Bathroom_Oven_MAT_AmbientOcclusion.png using Guid(15b433f97379cec47842d404579a611e) Importer(815301076,1909f56bfc062723c751e8b465ee728b)  -> (artifact id: '88efcfc61d3a077f104bcebf7a8a8cf9') in 0.008578 seconds
Number of updated asset objects reloaded before import = 0
Number of asset objects unloaded after import = 1
========================================================================
Received Import Request.
  Time since last request: 0.000019 seconds.
  path: Assets/FurnishedCabin/Textures/Bathroom_Oven_MAT_Normal.png
  artifactKey: Guid(45a2629f55ba89444a2efe66a8f98d93) Importer(815301076,1909f56bfc062723c751e8b465ee728b)
Start importing Assets/FurnishedCabin/Textures/Bathroom_Oven_MAT_Normal.png using Guid(45a2629f55ba89444a2efe66a8f98d93) Importer(815301076,1909f56bfc062723c751e8b465ee728b)  -> (artifact id: 'ff3833cbbcf4e4993fd3f51a5a9ebd64') in 0.009946 seconds
Number of updated asset objects reloaded before import = 0
Number of asset objects unloaded after import = 1
========================================================================
Received Import Request.
  Time since last request: 0.000017 seconds.
  path: Assets/FurnishedCabin/Textures/BedroomFurniture_AlbedoTransparency.png
  artifactKey: Guid(d7b7805b5a7450f4abf1fbc3f80b8938) Importer(815301076,1909f56bfc062723c751e8b465ee728b)
Start importing Assets/FurnishedCabin/Textures/BedroomFurniture_AlbedoTransparency.png using Guid(d7b7805b5a7450f4abf1fbc3f80b8938) Importer(815301076,1909f56bfc062723c751e8b465ee728b)  -> (artifact id: 'c1e3a006320d6c04dd301c335332b8d8') in 0.006637 seconds
Number of updated asset objects reloaded before import = 0
Number of asset objects unloaded after import = 1
========================================================================
Received Import Request.
  Time since last request: 0.000016 seconds.
  path: Assets/FurnishedCabin/Textures/BedroomFurniture_Normal.png
  artifactKey: Guid(a8decf3cbc521cf47a6243a96b678969) Importer(815301076,1909f56bfc062723c751e8b465ee728b)
Start importing Assets/FurnishedCabin/Textures/BedroomFurniture_Normal.png using Guid(a8decf3cbc521cf47a6243a96b678969) Importer(815301076,1909f56bfc062723c751e8b465ee728b)  -> (artifact id: 'bdea58875292c3d9a46bb5a6666b42cd') in 0.011524 seconds
Number of updated asset objects reloaded before import = 0
Number of asset objects unloaded after import = 1
========================================================================
Received Import Request.
  Time since last request: 0.000026 seconds.
  path: Assets/FurnishedCabin/Meshes/Materials/BedroomFurniture_MAT_MaskMap.png
  artifactKey: Guid(b7ff147f0963931498bd62c81bb66df6) Importer(815301076,1909f56bfc062723c751e8b465ee728b)
Start importing Assets/FurnishedCabin/Meshes/Materials/BedroomFurniture_MAT_MaskMap.png using Guid(b7ff147f0963931498bd62c81bb66df6) Importer(815301076,1909f56bfc062723c751e8b465ee728b)  -> (artifact id: 'e4548775cfc81e0b8a736f5a8e093430') in 0.008527 seconds
Number of updated asset objects reloaded before import = 0
Number of asset objects unloaded after import = 1
========================================================================
Received Import Request.
  Time since last request: 0.000013 seconds.
  path: Assets/FurnishedCabin/Textures/Bed_Sink_MAT_Normal.png
  artifactKey: Guid(5a040dfbb55f0f849933e5de5c5ec52a) Importer(815301076,1909f56bfc062723c751e8b465ee728b)
Start importing Assets/FurnishedCabin/Textures/Bed_Sink_MAT_Normal.png using Guid(5a040dfbb55f0f849933e5de5c5ec52a) Importer(815301076,1909f56bfc062723c751e8b465ee728b)  -> (artifact id: '817aa64d573abb4e32f9f8b5e83e118c') in 0.010247 seconds
Number of updated asset objects reloaded before import = 0
Number of asset objects unloaded after import = 1
========================================================================
Received Import Request.
  Time since last request: 0.000017 seconds.
  path: Assets/FurnishedCabin/Meshes/Materials/BuildingA_MAT_MaskMap.png
  artifactKey: Guid(1a753476c699a6d4eafa8108a6f747ae) Importer(815301076,1909f56bfc062723c751e8b465ee728b)
Start importing Assets/FurnishedCabin/Meshes/Materials/BuildingA_MAT_MaskMap.png using Guid(1a753476c699a6d4eafa8108a6f747ae) Importer(815301076,1909f56bfc062723c751e8b465ee728b)  -> (artifact id: '7f6603d406d4ace74aa44b6d5a8c58db') in 0.007329 seconds
Number of updated asset objects reloaded before import = 0
Number of asset objects unloaded after import = 1
========================================================================
Received Import Request.
  Time since last request: 0.000022 seconds.
  path: Assets/FurnishedCabin/Textures/BuildingA_MAT_Normal.png
  artifactKey: Guid(7fb269d1ff09b7c4f8c1a7219af4dcb3) Importer(815301076,1909f56bfc062723c751e8b465ee728b)
Start importing Assets/FurnishedCabin/Textures/BuildingA_MAT_Normal.png using Guid(7fb269d1ff09b7c4f8c1a7219af4dcb3) Importer(815301076,1909f56bfc062723c751e8b465ee728b)  -> (artifact id: '888cab75184f27645e91bd145f844ab1') in 0.010285 seconds
Number of updated asset objects reloaded before import = 0
Number of asset objects unloaded after import = 1
========================================================================
Received Import Request.
  Time since last request: 0.000014 seconds.
  path: Assets/FurnishedCabin/Textures/Chairs_MetallicSmoothness.png
  artifactKey: Guid(a09c974e24b605245825a42d0ed88fbe) Importer(815301076,1909f56bfc062723c751e8b465ee728b)
Start importing Assets/FurnishedCabin/Textures/Chairs_MetallicSmoothness.png using Guid(a09c974e24b605245825a42d0ed88fbe) Importer(815301076,1909f56bfc062723c751e8b465ee728b)  -> (artifact id: '93046eca32f393dadf21364418f7c839') in 0.006620 seconds
Number of updated asset objects reloaded before import = 0
Number of asset objects unloaded after import = 1
========================================================================
Received Import Request.
  Time since last request: 0.000011 seconds.
  path: Assets/FurnishedCabin/Textures/Doors_TVStand_MAT_MetallicSmoothness.png
  artifactKey: Guid(32a21508c9991594ba7aeac228b5162a) Importer(815301076,1909f56bfc062723c751e8b465ee728b)
Start importing Assets/FurnishedCabin/Textures/Doors_TVStand_MAT_MetallicSmoothness.png using Guid(32a21508c9991594ba7aeac228b5162a) Importer(815301076,1909f56bfc062723c751e8b465ee728b)  -> (artifact id: '76865fb5f19cad6c6e7723532a28f6a9') in 0.010262 seconds
Number of updated asset objects reloaded before import = 0
Number of asset objects unloaded after import = 1
========================================================================
Received Import Request.
  Time since last request: 0.000013 seconds.
  path: Assets/FurnishedCabin/Textures/Fireplace_KitchenBench_MetallicSmoothness.png
  artifactKey: Guid(98ea345f7a8d0814fb5c98db1bffdcde) Importer(815301076,1909f56bfc062723c751e8b465ee728b)
Start importing Assets/FurnishedCabin/Textures/Fireplace_KitchenBench_MetallicSmoothness.png using Guid(98ea345f7a8d0814fb5c98db1bffdcde) Importer(815301076,1909f56bfc062723c751e8b465ee728b)  -> (artifact id: 'bfd8eeaffe35b6991afdc5bb0f037836') in 0.009345 seconds
Number of updated asset objects reloaded before import = 0
Number of asset objects unloaded after import = 1
========================================================================
Received Import Request.
  Time since last request: 0.000017 seconds.
  path: Assets/FurnishedCabin/Textures/Chairs_Normal.png
  artifactKey: Guid(36cbb5dd2c88577448148996c4611120) Importer(815301076,1909f56bfc062723c751e8b465ee728b)
Start importing Assets/FurnishedCabin/Textures/Chairs_Normal.png using Guid(36cbb5dd2c88577448148996c4611120) Importer(815301076,1909f56bfc062723c751e8b465ee728b)  -> (artifact id: '36d7a32b4b3017e8a2871794efa1f105') in 0.006998 seconds
Number of updated asset objects reloaded before import = 0
Number of asset objects unloaded after import = 1
========================================================================
Received Import Request.
  Time since last request: 0.000016 seconds.
  path: Assets/FurnishedCabin/Textures/Lights_towel_MAT_AlbedoTransparency.png
  artifactKey: Guid(96f9d836d0270d64c88468f69b7a4898) Importer(815301076,1909f56bfc062723c751e8b465ee728b)
Start importing Assets/FurnishedCabin/Textures/Lights_towel_MAT_AlbedoTransparency.png using Guid(96f9d836d0270d64c88468f69b7a4898) Importer(815301076,1909f56bfc062723c751e8b465ee728b)  -> (artifact id: 'd2316e7572bde57afca2ed4043398ba8') in 0.006416 seconds
Number of updated asset objects reloaded before import = 0
Number of asset objects unloaded after import = 1
========================================================================
Received Import Request.
  Time since last request: 0.000016 seconds.
  path: Assets/FurnishedCabin/Textures/Lights_towel_MAT_Emissive.png
  artifactKey: Guid(7d6d9ac4fc13eab4bb767d78c90f7ca3) Importer(815301076,1909f56bfc062723c751e8b465ee728b)
Start importing Assets/FurnishedCabin/Textures/Lights_towel_MAT_Emissive.png using Guid(7d6d9ac4fc13eab4bb767d78c90f7ca3) Importer(815301076,1909f56bfc062723c751e8b465ee728b)  -> (artifact id: '2e0bb028ec41c79100270b599c16ef06') in 0.005883 seconds
Number of updated asset objects reloaded before import = 0
Number of asset objects unloaded after import = 1
========================================================================
Received Import Request.
  Time since last request: 0.000018 seconds.
  path: Assets/FurnishedCabin/Textures/PlasticSteelHandle_Normal.png
  artifactKey: Guid(dcc6faa416bc4d6488d18674cbd55481) Importer(815301076,1909f56bfc062723c751e8b465ee728b)
Start importing Assets/FurnishedCabin/Textures/PlasticSteelHandle_Normal.png using Guid(dcc6faa416bc4d6488d18674cbd55481) Importer(815301076,1909f56bfc062723c751e8b465ee728b)  -> (artifact id: '41c473379e8c6c4c926fafd6a32d0870') in 0.008842 seconds
Number of updated asset objects reloaded before import = 0
Number of asset objects unloaded after import = 1
========================================================================
Received Import Request.
  Time since last request: 0.000033 seconds.
  path: Assets/FurnishedCabin/Meshes/Materials/Plastic_Steel_Handle_MAT_MaskMap.png
  artifactKey: Guid(cd6986c05552cda47ae3880fbc65fb78) Importer(815301076,1909f56bfc062723c751e8b465ee728b)
Start importing Assets/FurnishedCabin/Meshes/Materials/Plastic_Steel_Handle_MAT_MaskMap.png using Guid(cd6986c05552cda47ae3880fbc65fb78) Importer(815301076,1909f56bfc062723c751e8b465ee728b)  -> (artifact id: 'acaf1a1a79bf70b23ddda7c69f74dc99') in 0.008091 seconds
Number of updated asset objects reloaded before import = 0
Number of asset objects unloaded after import = 1
========================================================================
Received Import Request.
  Time since last request: 0.000014 seconds.
  path: Assets/FurnishedCabin/Textures/PlasticSteelHandle_AlbedoTransparency.png
  artifactKey: Guid(078bf4bc105d1eb4cad1bcaba631f1df) Importer(815301076,1909f56bfc062723c751e8b465ee728b)
Start importing Assets/FurnishedCabin/Textures/PlasticSteelHandle_AlbedoTransparency.png using Guid(078bf4bc105d1eb4cad1bcaba631f1df) Importer(815301076,1909f56bfc062723c751e8b465ee728b)  -> (artifact id: 'f1c58d31a2d9172bea8f6ca6e8e93142') in 0.006326 seconds
Number of updated asset objects reloaded before import = 0
Number of asset objects unloaded after import = 1
========================================================================
Received Import Request.
  Time since last request: 0.000032 seconds.
  path: Assets/FurnishedCabin/Textures/Fireplace_KitchenBench_AmbientOcclusion.png
  artifactKey: Guid(e7010990b519d84448876b961b3cec77) Importer(815301076,1909f56bfc062723c751e8b465ee728b)
Start importing Assets/FurnishedCabin/Textures/Fireplace_KitchenBench_AmbientOcclusion.png using Guid(e7010990b519d84448876b961b3cec77) Importer(815301076,1909f56bfc062723c751e8b465ee728b)  -> (artifact id: '17cc49ff535f86bd53cdb488c111a390') in 0.006171 seconds
Number of updated asset objects reloaded before import = 0
Number of asset objects unloaded after import = 1
========================================================================
Received Import Request.
  Time since last request: 0.000017 seconds.
  path: Assets/FurnishedCabin/Meshes/Materials/Chairs_MAT_MaskMap.png
  artifactKey: Guid(db2fc63cfce2a764bb1f7badc96f6315) Importer(815301076,1909f56bfc062723c751e8b465ee728b)
Start importing Assets/FurnishedCabin/Meshes/Materials/Chairs_MAT_MaskMap.png using Guid(db2fc63cfce2a764bb1f7badc96f6315) Importer(815301076,1909f56bfc062723c751e8b465ee728b)  -> (artifact id: 'e389bde3763116f6d67620776d748ec8') in 0.008420 seconds
Number of updated asset objects reloaded before import = 0
Number of asset objects unloaded after import = 1
========================================================================
Received Import Request.
  Time since last request: 0.000013 seconds.
  path: Assets/FurnishedCabin/Textures/BuildingB_MAT_AlbedoTransparency.png
  artifactKey: Guid(f564060b9da7fe149b829158e04f612e) Importer(815301076,1909f56bfc062723c751e8b465ee728b)
Start importing Assets/FurnishedCabin/Textures/BuildingB_MAT_AlbedoTransparency.png using Guid(f564060b9da7fe149b829158e04f612e) Importer(815301076,1909f56bfc062723c751e8b465ee728b)  -> (artifact id: 'd3f4b49cca73489ea0da0b8387834fc8') in 0.007485 seconds
Number of updated asset objects reloaded before import = 0
Number of asset objects unloaded after import = 1
========================================================================
Received Import Request.
  Time since last request: 0.000013 seconds.
  path: Assets/FurnishedCabin/Textures/Doors_TVStand_MAT_Normal.png
  artifactKey: Guid(138cde3777a44d5448f93b2e10132aab) Importer(815301076,1909f56bfc062723c751e8b465ee728b)
Start importing Assets/FurnishedCabin/Textures/Doors_TVStand_MAT_Normal.png using Guid(138cde3777a44d5448f93b2e10132aab) Importer(815301076,1909f56bfc062723c751e8b465ee728b)  -> (artifact id: 'ac6bd0b837187744a5bbcd78f8004ee7') in 0.007911 seconds
Number of updated asset objects reloaded before import = 0
Number of asset objects unloaded after import = 1
========================================================================
Received Import Request.
  Time since last request: 0.000015 seconds.
  path: Assets/FurnishedCabin/Scenes/Demo/ReflectionProbe-2.exr
  artifactKey: Guid(4be64f9faf61dbf47a8c09b5c670b73c) Importer(815301076,1909f56bfc062723c751e8b465ee728b)
Start importing Assets/FurnishedCabin/Scenes/Demo/ReflectionProbe-2.exr using Guid(4be64f9faf61dbf47a8c09b5c670b73c) Importer(815301076,1909f56bfc062723c751e8b465ee728b)  -> (artifact id: '52b5afd054324f29e0ee8d169b34b771') in 0.003430 seconds
Number of updated asset objects reloaded before import = 0
Number of asset objects unloaded after import = 1
========================================================================
Received Import Request.
  Time since last request: 0.000031 seconds.
  path: Assets/FurnishedCabin/Textures/Rug_Curtains_MAT_AlbedoTransparency.png
  artifactKey: Guid(9e8bdb50df85d05429c3cdee0cb0c25d) Importer(815301076,1909f56bfc062723c751e8b465ee728b)
Start importing Assets/FurnishedCabin/Textures/Rug_Curtains_MAT_AlbedoTransparency.png using Guid(9e8bdb50df85d05429c3cdee0cb0c25d) Importer(815301076,1909f56bfc062723c751e8b465ee728b)  -> (artifact id: '66cc7faa2317a7ea446e27375b40f92c') in 0.007716 seconds
Number of updated asset objects reloaded before import = 0
Number of asset objects unloaded after import = 1
========================================================================
Received Import Request.
  Time since last request: 0.000016 seconds.
  path: Assets/FurnishedCabin/Scenes/Demo/ReflectionProbe-0.png
  artifactKey: Guid(f1bb2155989808240ad3f5575e4aa8b7) Importer(815301076,1909f56bfc062723c751e8b465ee728b)
Start importing Assets/FurnishedCabin/Scenes/Demo/ReflectionProbe-0.png using Guid(f1bb2155989808240ad3f5575e4aa8b7) Importer(815301076,1909f56bfc062723c751e8b465ee728b)  -> (artifact id: 'c39a8a44910b0e32648bce8674c7347f') in 0.001860 seconds
Number of updated asset objects reloaded before import = 0
Number of asset objects unloaded after import = 1
========================================================================
Received Import Request.
  Time since last request: 0.000017 seconds.
  path: Assets/FurnishedCabin/Textures/BuildingB_MAT_MetallicSmoothness.png
  artifactKey: Guid(2881032de821c6e4ca0964bcffe8b218) Importer(815301076,1909f56bfc062723c751e8b465ee728b)
Start importing Assets/FurnishedCabin/Textures/BuildingB_MAT_MetallicSmoothness.png using Guid(2881032de821c6e4ca0964bcffe8b218) Importer(815301076,1909f56bfc062723c751e8b465ee728b)  -> (artifact id: 'e2a044afd4b0de2849e72c7801ac0f8c') in 0.006819 seconds
Number of updated asset objects reloaded before import = 0
Number of asset objects unloaded after import = 1
========================================================================
Received Import Request.
  Time since last request: 0.000013 seconds.
  path: Assets/FurnishedCabin/Scenes/Demo/Lightmap-1_comp_light.exr
  artifactKey: Guid(bf328808ea5c41f40b2e36c28737c093) Importer(815301076,1909f56bfc062723c751e8b465ee728b)
Start importing Assets/FurnishedCabin/Scenes/Demo/Lightmap-1_comp_light.exr using Guid(bf328808ea5c41f40b2e36c28737c093) Importer(815301076,1909f56bfc062723c751e8b465ee728b)  -> (artifact id: '5766b63394605e32ca4fdcff776056b5') in 0.006256 seconds
Number of updated asset objects reloaded before import = 0
Number of asset objects unloaded after import = 1
========================================================================
Received Import Request.
  Time since last request: 0.000015 seconds.
  path: Assets/FurnishedCabin/Textures/Bathroom_Oven_MAT_MetallicSmoothness.png
  artifactKey: Guid(f16bc5c4ac032cf48ab877cf8b1db7a3) Importer(815301076,1909f56bfc062723c751e8b465ee728b)
Start importing Assets/FurnishedCabin/Textures/Bathroom_Oven_MAT_MetallicSmoothness.png using Guid(f16bc5c4ac032cf48ab877cf8b1db7a3) Importer(815301076,1909f56bfc062723c751e8b465ee728b)  -> (artifact id: 'fa4a1e5f4529d89f0d8c3b869f70fd21') in 0.007145 seconds
Number of updated asset objects reloaded before import = 0
Number of asset objects unloaded after import = 1
========================================================================
Received Import Request.
  Time since last request: 67.357608 seconds.
  path: Assets/Material/New Material 2.mat
  artifactKey: Guid(b42ad0d830e21f0458d264f9d260e164) Importer(815301076,1909f56bfc062723c751e8b465ee728b)
Start importing Assets/Material/New Material 2.mat using Guid(b42ad0d830e21f0458d264f9d260e164) Importer(815301076,1909f56bfc062723c751e8b465ee728b)  -> (artifact id: '0f61a32d9ae8a94737c968bc9b670e53') in 0.001806 seconds
Number of updated asset objects reloaded before import = 0
Number of asset objects unloaded after import = 1
========================================================================
Received Import Request.
  Time since last request: 141.237676 seconds.
  path: Assets/FurnishedCabin/Prefabs/PFB_DiningTable.prefab
  artifactKey: Guid(ff9b1176aafb57843ac4773e5a331cde) Importer(815301076,1909f56bfc062723c751e8b465ee728b)
Start importing Assets/FurnishedCabin/Prefabs/PFB_DiningTable.prefab using Guid(ff9b1176aafb57843ac4773e5a331cde) Importer(815301076,1909f56bfc062723c751e8b465ee728b)  -> (artifact id: 'f2a95f6c3d57ee0a6ccc744c46e37dea') in 0.009540 seconds
Number of updated asset objects reloaded before import = 0
Number of asset objects unloaded after import = 7
========================================================================
Received Import Request.
  Time since last request: 0.016824 seconds.
  path: Assets/FurnishedCabin/Prefabs/PFB_DoorSingle_Open.prefab
  artifactKey: Guid(474e596dc3e339e42bef4bf139d2e520) Importer(815301076,1909f56bfc062723c751e8b465ee728b)
Start importing Assets/FurnishedCabin/Prefabs/PFB_DoorSingle_Open.prefab using Guid(474e596dc3e339e42bef4bf139d2e520) Importer(815301076,1909f56bfc062723c751e8b465ee728b)  -> (artifact id: 'fad198be5775410685bcb8fc95792116') in 0.009607 seconds
Number of updated asset objects reloaded before import = 0
Number of asset objects unloaded after import = 15
========================================================================
Received Import Request.
  Time since last request: 0.000014 seconds.
  path: Assets/FurnishedCabin/Prefabs/PFB_FreestandMirror.prefab
  artifactKey: Guid(2ea70cfc6abb70047895befe277f8ec1) Importer(815301076,1909f56bfc062723c751e8b465ee728b)
Start importing Assets/FurnishedCabin/Prefabs/PFB_FreestandMirror.prefab using Guid(2ea70cfc6abb70047895befe277f8ec1) Importer(815301076,1909f56bfc062723c751e8b465ee728b)  -> (artifact id: '15151519da0766fadcde48d58a7b3a84') in 0.008160 seconds
Number of updated asset objects reloaded before import = 0
Number of asset objects unloaded after import = 7
========================================================================
Received Import Request.
  Time since last request: 0.164106 seconds.
  path: Assets/FurnishedCabin/Prefabs/PFB_KitchenBench.prefab
  artifactKey: Guid(1b94ae05025ef3f46ae988df48f631f4) Importer(815301076,1909f56bfc062723c751e8b465ee728b)
Start importing Assets/FurnishedCabin/Prefabs/PFB_KitchenBench.prefab using Guid(1b94ae05025ef3f46ae988df48f631f4) Importer(815301076,1909f56bfc062723c751e8b465ee728b)  -> (artifact id: 'b8e8454623d039d0e8195f0c32ed9abd') in 0.009905 seconds
Number of updated asset objects reloaded before import = 0
Number of asset objects unloaded after import = 103
========================================================================
Received Import Request.
  Time since last request: 0.000016 seconds.
  path: Assets/FurnishedCabin/Prefabs/PFB_LightCover.prefab
  artifactKey: Guid(540dc2ae93c244ca2abe6650ce07e4a0) Importer(815301076,1909f56bfc062723c751e8b465ee728b)
Start importing Assets/FurnishedCabin/Prefabs/PFB_LightCover.prefab using Guid(540dc2ae93c244ca2abe6650ce07e4a0) Importer(815301076,1909f56bfc062723c751e8b465ee728b)  -> (artifact id: 'd522f2110600ef854baaa5bd6e6e19e7') in 0.008429 seconds
Number of updated asset objects reloaded before import = 0
Number of asset objects unloaded after import = 9
========================================================================
Received Import Request.
  Time since last request: 9.231963 seconds.
  path: Assets/FurnishedCabin/Meshes/Materials/Bed_Sink_MAT.mat
  artifactKey: Guid(a410a9048765ffe46afbbaee6e46e728) Importer(815301076,1909f56bfc062723c751e8b465ee728b)
Start importing Assets/FurnishedCabin/Meshes/Materials/Bed_Sink_MAT.mat using Guid(a410a9048765ffe46afbbaee6e46e728) Importer(815301076,1909f56bfc062723c751e8b465ee728b)  -> (artifact id: 'c2929ff3485e15e364323156c97eba7a') in 0.001928 seconds
Number of updated asset objects reloaded before import = 0
Number of asset objects unloaded after import = 1
========================================================================
Received Import Request.
  Time since last request: 0.000038 seconds.
  path: Assets/FurnishedCabin/Meshes/Materials/BedroomFurniture_MAT.mat
  artifactKey: Guid(bbff17a888fc93a408a34e3b95c5e885) Importer(815301076,1909f56bfc062723c751e8b465ee728b)
Start importing Assets/FurnishedCabin/Meshes/Materials/BedroomFurniture_MAT.mat using Guid(bbff17a888fc93a408a34e3b95c5e885) Importer(815301076,1909f56bfc062723c751e8b465ee728b)  -> (artifact id: '104b4e80edf3cbe21f15faee646ff904') in 0.002057 seconds
Number of updated asset objects reloaded before import = 0
Number of asset objects unloaded after import = 1
========================================================================
Received Import Request.
  Time since last request: 0.086851 seconds.
  path: Assets/FurnishedCabin/Meshes/Materials/BuildingB_MAT.mat
  artifactKey: Guid(675e6ce36fc642b48ae4d1d5d0c7cfe1) Importer(815301076,1909f56bfc062723c751e8b465ee728b)
Start importing Assets/FurnishedCabin/Meshes/Materials/BuildingB_MAT.mat using Guid(675e6ce36fc642b48ae4d1d5d0c7cfe1) Importer(815301076,1909f56bfc062723c751e8b465ee728b)  -> (artifact id: '7e5b9e3ef8b310ac1f51b12894cf283f') in 0.001895 seconds
Number of updated asset objects reloaded before import = 0
Number of asset objects unloaded after import = 1
========================================================================
Received Import Request.
  Time since last request: 0.000020 seconds.
  path: Assets/FurnishedCabin/Meshes/Materials/Fireplace_KitchenBench_MAT.mat
  artifactKey: Guid(00d8ce6c4a0c9f948b70d391f10f72cf) Importer(815301076,1909f56bfc062723c751e8b465ee728b)
Start importing Assets/FurnishedCabin/Meshes/Materials/Fireplace_KitchenBench_MAT.mat using Guid(00d8ce6c4a0c9f948b70d391f10f72cf) Importer(815301076,1909f56bfc062723c751e8b465ee728b)  -> (artifact id: '9ebbb3d7961f5945447aa19279d24a33') in 0.002554 seconds
Number of updated asset objects reloaded before import = 0
Number of asset objects unloaded after import = 1
========================================================================
Received Import Request.
  Time since last request: 0.046923 seconds.
  path: Assets/New Material.mat
  artifactKey: Guid(e998a50e1fa756144ac5bdfc9ca8ca7a) Importer(815301076,1909f56bfc062723c751e8b465ee728b)
Start importing Assets/New Material.mat using Guid(e998a50e1fa756144ac5bdfc9ca8ca7a) Importer(815301076,1909f56bfc062723c751e8b465ee728b)  -> (artifact id: 'db95aae72099b45f7680a45adb98f0ee') in 0.001565 seconds
Number of updated asset objects reloaded before import = 0
Number of asset objects unloaded after import = 1
========================================================================
Received Import Request.
  Time since last request: 0.002223 seconds.
  path: Assets/FurnishedCabin/Meshes/Materials/Rug_Curtains_MAT.mat
  artifactKey: Guid(70e2b7f0f28b4254d8a72d522585d74a) Importer(815301076,1909f56bfc062723c751e8b465ee728b)
Start importing Assets/FurnishedCabin/Meshes/Materials/Rug_Curtains_MAT.mat using Guid(70e2b7f0f28b4254d8a72d522585d74a) Importer(815301076,1909f56bfc062723c751e8b465ee728b)  -> (artifact id: '1de0aa622aa23c2ba6d076e3bc5afefd') in 0.002036 seconds
Number of updated asset objects reloaded before import = 0
Number of asset objects unloaded after import = 1
Editor requested this worker to shutdown with reason: Scaling down because of idle timeout
TcpMessagingSession - receive error: operation aborted. errorcode: 995, details: The I/O operation has been aborted because of either a thread exit or an application request.
AssetImportWorker is now disconnected from the server
Process exiting
Exiting without the bug reporter. Application will terminate with return code 0